<?xml version="1.0" encoding="UTF-8"?>
<Site BuildName="(empty)"
	BuildStamp="20240215-1548-Experimental"
	Name="DESKTOP-DDU8995"
	Generator="ctest-3.10.2"
	CompilerName="/usr/bin/g++"
	CompilerVersion="7.5.0"
	OSName="Linux"
	Hostname="DESKTOP-DDU8995"
	OSRelease="5.15.133.1-microsoft-standard-WSL2"
	OSVersion="#1 SMP Thu Oct 5 21:02:42 UTC 2023"
	OSPlatform="x86_64"
	Is64Bits="1"
	VendorString="AuthenticAMD"
	VendorID="Advanced Micro Devices"
	FamilyID="25"
	ModelID="33"
	ProcessorCacheSize="512"
	NumberOfLogicalCPU="2"
	NumberOfPhysicalCPU="1"
	TotalVirtualMemory="8192"
	TotalPhysicalMemory="9951"
	LogicalProcessorsPerPhysical="2"
	ProcessorClockFrequency="4649.99"
	>
	<Testing>
		<StartDateTime>Feb 16 04:24 KST</StartDateTime>
		<StartTestTime>1708025086</StartTestTime>
		<TestList/>
		<EndDateTime>Feb 16 04:24 KST</EndDateTime>
		<EndTestTime>1708025086</EndTestTime>
		<ElapsedMinutes>0</ElapsedMinutes>
	</Testing>
</Site>
